<?xml version="1.0" encoding="UTF-8"?>
<testng-results skipped="0" failed="0" ignored="0" total="1" passed="1">
  <reporter-output>
  </reporter-output>
  <suite name="Default suite" duration-ms="510" started-at="2022-10-01T13:03:02Z" finished-at="2022-10-01T13:03:03Z">
    <groups>
    </groups>
    <test name="Default test" duration-ms="510" started-at="2022-10-01T13:03:02Z" finished-at="2022-10-01T13:03:03Z">
      <class name="com.test.DemoTest">
        <test-method status="PASS" signature="test01()[pri:0, instance:com.test.DemoTest@50c87b21]" name="test01" duration-ms="316" started-at="2022-10-01T13:03:02Z" finished-at="2022-10-01T13:03:03Z">
          <reporter-output>
          </reporter-output>
        </test-method> <!-- test01 -->
      </class> <!-- com.test.DemoTest -->
    </test> <!-- Default test -->
  </suite> <!-- Default suite -->
</testng-results>
